{"level":"info","message":"Server running in development mode on port 5000","service":"field-supervision-api","timestamp":"2026-07-09 17:25:31"}
{"level":"error","message":"Error: connect ECONNREFUSED ::1:27017, connect ECONNREFUSED 127.0.0.1:27017","service":"field-supervision-api","timestamp":"2026-07-09 17:26:01"}
{"level":"info","message":"Server running in development mode on port 5000","service":"field-supervision-api","timestamp":"2026-07-09 17:39:35"}
{"level":"error","message":"Error: connect ECONNREFUSED ::1:27017, connect ECONNREFUSED 127.0.0.1:27017","service":"field-supervision-api","timestamp":"2026-07-09 17:40:05"}
{"level":"info","message":"Server running in development mode on port 5000","service":"field-supervision-api","timestamp":"2026-07-09 17:44:52"}
{"level":"error","message":"Error: connect ECONNREFUSED ::1:27017, connect ECONNREFUSED 127.0.0.1:27017","service":"field-supervision-api","timestamp":"2026-07-09 17:45:22"}
{"level":"info","message":"Server running in development mode on port 5000","service":"field-supervision-api","timestamp":"2026-07-09 17:47:33"}
{"level":"error","message":"Error: connect ECONNREFUSED ::1:27017, connect ECONNREFUSED 127.0.0.1:27017","service":"field-supervision-api","timestamp":"2026-07-09 17:48:03"}
{"level":"info","message":"Server running in development mode on port 5000","service":"field-supervision-api","timestamp":"2026-07-09 17:52:15"}
{"level":"error","message":"Error: querySrv ECONNREFUSED _mongodb._tcp.cluster0.euqtnoh.mongodb.net","service":"field-supervision-api","timestamp":"2026-07-09 17:52:15"}
{"level":"info","message":"Server running in development mode on port 5000","service":"field-supervision-api","timestamp":"2026-07-09 17:53:01"}
{"level":"error","message":"Error: querySrv ECONNREFUSED _mongodb._tcp.cluster0.euqtnoh.mongodb.net","service":"field-supervision-api","timestamp":"2026-07-09 17:53:01"}
{"level":"info","message":"Server running in development mode on port 5000","service":"field-supervision-api","timestamp":"2026-07-09 17:54:19"}
{"level":"error","message":"Error: bad auth : authentication failed","service":"field-supervision-api","timestamp":"2026-07-09 17:54:21"}
{"level":"info","message":"Server running in development mode on port 5000","service":"field-supervision-api","timestamp":"2026-07-09 17:56:17"}
{"level":"error","message":"Error: bad auth : authentication failed","service":"field-supervision-api","timestamp":"2026-07-09 17:56:20"}
{"level":"info","message":"Server running in development mode on port 5000","service":"field-supervision-api","timestamp":"2026-07-09 17:56:55"}
{"level":"error","message":"Error: bad auth : authentication failed","service":"field-supervision-api","timestamp":"2026-07-09 17:56:56"}
{"level":"info","message":"Server running in development mode on port 5000","service":"field-supervision-api","timestamp":"2026-07-09 18:00:09"}
{"level":"info","message":"MongoDB Connected: ac-5go2f1i-shard-00-00.euqtnoh.mongodb.net","service":"field-supervision-api","timestamp":"2026-07-09 18:00:11"}
{"level":"info","message":"Server running in development mode on port 5000","service":"field-supervision-api","timestamp":"2026-07-09 18:00:55"}
{"level":"info","message":"MongoDB Connected: ac-5go2f1i-shard-00-00.euqtnoh.mongodb.net","service":"field-supervision-api","timestamp":"2026-07-09 18:00:56"}
{"level":"info","message":"Server running in development mode on port 5000","service":"field-supervision-api","timestamp":"2026-07-09 18:04:31"}
{"level":"info","message":"MongoDB Connected: ac-5go2f1i-shard-00-00.euqtnoh.mongodb.net","service":"field-supervision-api","timestamp":"2026-07-09 18:04:33"}
{"level":"info","message":"Server running in development mode on port 5000","service":"field-supervision-api","timestamp":"2026-07-09 18:06:00"}
{"level":"info","message":"MongoDB Connected: ac-5go2f1i-shard-00-00.euqtnoh.mongodb.net","service":"field-supervision-api","timestamp":"2026-07-09 18:06:01"}
{"level":"info","message":"Server running in development mode on port 5000","service":"field-supervision-api","timestamp":"2026-07-09 18:12:58"}
{"level":"info","message":"MongoDB Connected: ac-5go2f1i-shard-00-00.euqtnoh.mongodb.net","service":"field-supervision-api","timestamp":"2026-07-09 18:12:59"}
{"level":"info","message":"Server running in development mode on port 5000","service":"field-supervision-api","timestamp":"2026-07-09 18:23:00"}
{"level":"info","message":"MongoDB Connected: ac-5go2f1i-shard-00-00.euqtnoh.mongodb.net","service":"field-supervision-api","timestamp":"2026-07-09 18:23:02"}
{"level":"info","message":"Server running in development mode on port 5000","service":"field-supervision-api","timestamp":"2026-07-09 18:32:00"}
{"level":"info","message":"MongoDB Connected: ac-5go2f1i-shard-00-00.euqtnoh.mongodb.net","service":"field-supervision-api","timestamp":"2026-07-09 18:32:02"}
{"level":"info","message":"Server running in development mode on port 5000","service":"field-supervision-api","timestamp":"2026-07-09 18:44:20"}
{"level":"info","message":"MongoDB Connected: ac-5go2f1i-shard-00-00.euqtnoh.mongodb.net","service":"field-supervision-api","timestamp":"2026-07-09 18:44:22"}
{"level":"info","message":"Server running in development mode on port 5000","service":"field-supervision-api","timestamp":"2026-07-09 18:50:10"}
{"level":"info","message":"Server running in development mode on port 5000","service":"field-supervision-api","timestamp":"2026-07-09 18:50:11"}
{"level":"info","message":"Server running in development mode on port 5000","service":"field-supervision-api","timestamp":"2026-07-09 18:50:11"}
{"level":"info","message":"Server running in development mode on port 5000","service":"field-supervision-api","timestamp":"2026-07-09 18:50:11"}
{"level":"info","message":"Server running in development mode on port 5000","service":"field-supervision-api","timestamp":"2026-07-09 18:50:11"}
{"level":"info","message":"Server running in development mode on port 5000","service":"field-supervision-api","timestamp":"2026-07-09 18:50:11"}
{"level":"info","message":"MongoDB Connected: ac-5go2f1i-shard-00-00.euqtnoh.mongodb.net","service":"field-supervision-api","timestamp":"2026-07-09 18:50:12"}
{"level":"info","message":"MongoDB Connected: ac-5go2f1i-shard-00-00.euqtnoh.mongodb.net","service":"field-supervision-api","timestamp":"2026-07-09 18:50:12"}
{"level":"info","message":"MongoDB Connected: ac-5go2f1i-shard-00-00.euqtnoh.mongodb.net","service":"field-supervision-api","timestamp":"2026-07-09 18:50:12"}
{"level":"info","message":"MongoDB Connected: ac-5go2f1i-shard-00-00.euqtnoh.mongodb.net","service":"field-supervision-api","timestamp":"2026-07-09 18:50:12"}
{"level":"info","message":"MongoDB Connected: ac-5go2f1i-shard-00-00.euqtnoh.mongodb.net","service":"field-supervision-api","timestamp":"2026-07-09 18:50:12"}
{"level":"info","message":"MongoDB Connected: ac-5go2f1i-shard-00-00.euqtnoh.mongodb.net","service":"field-supervision-api","timestamp":"2026-07-09 18:50:12"}
